2023-02-19 15:34:55,680 INFO [restartedMain] c.c.c.CommunityApplication [StartupInfoLogger.java:51] Starting CommunityApplication using Java 17.0.6 with PID 3296 (F:\JavaProject\CampusCommunity\community\target\classes started by Administrator in F:\JavaProject\CampusCommunity\community)
2023-02-19 15:34:55,684 INFO [restartedMain] c.c.c.CommunityApplication [SpringApplication.java:630] No active profile set, falling back to 1 default profile: "default"
2023-02-19 15:34:55,710 INFO [restartedMain] o.s.b.d.e.DevToolsPropertyDefaultsPostProcessor [DeferredLog.java:250] Devtools property defaults active! Set 'spring.devtools.add-properties' to 'false' to disable
2023-02-19 15:34:55,710 INFO [restartedMain] o.s.b.d.e.DevToolsPropertyDefaultsPostProcessor [DeferredLog.java:250] For additional web related logging consider setting the 'logging.level.web' property to 'DEBUG'
2023-02-19 15:34:56,433 INFO [restartedMain] o.s.b.w.e.t.TomcatWebServer [TomcatWebServer.java:108] Tomcat initialized with port(s): 8888 (http)
2023-02-19 15:34:56,440 INFO [restartedMain] o.a.c.h.Http11NioProtocol [DirectJDKLog.java:173] Initializing ProtocolHandler ["http-nio-8888"]
2023-02-19 15:34:56,440 INFO [restartedMain] o.a.c.c.StandardService [DirectJDKLog.java:173] Starting service [Tomcat]
2023-02-19 15:34:56,440 INFO [restartedMain] o.a.c.c.StandardEngine [DirectJDKLog.java:173] Starting Servlet engine: [Apache Tomcat/10.1.5]
2023-02-19 15:34:56,484 INFO [restartedMain] o.a.c.c.C.[.[.[/community] [DirectJDKLog.java:173] Initializing Spring embedded WebApplicationContext
2023-02-19 15:34:56,485 INFO [restartedMain] o.s.b.w.s.c.ServletWebServerApplicationContext [ServletWebServerApplicationContext.java:291] Root WebApplicationContext: initialization completed in 773 ms
2023-02-19 15:34:56,803 INFO [restartedMain] o.s.b.a.w.s.WelcomePageHandlerMapping [WelcomePageHandlerMapping.java:56] Adding welcome page template: index
2023-02-19 15:34:56,896 INFO [restartedMain] o.s.b.d.a.OptionalLiveReloadServer [OptionalLiveReloadServer.java:59] LiveReload server is running on port 35729
2023-02-19 15:34:56,906 INFO [restartedMain] o.a.c.h.Http11NioProtocol [DirectJDKLog.java:173] Starting ProtocolHandler ["http-nio-8888"]
2023-02-19 15:34:56,919 INFO [restartedMain] o.s.b.w.e.t.TomcatWebServer [TomcatWebServer.java:220] Tomcat started on port(s): 8888 (http) with context path '/community'
2023-02-19 15:34:56,925 INFO [restartedMain] c.c.c.CommunityApplication [StartupInfoLogger.java:57] Started CommunityApplication in 1.569 seconds (process running for 2.09)
2023-02-19 15:35:09,532 INFO [http-nio-8888-exec-1] o.a.c.c.C.[.[.[/community] [DirectJDKLog.java:173] Initializing Spring DispatcherServlet 'dispatcherServlet'
2023-02-19 15:35:09,532 INFO [http-nio-8888-exec-1] o.s.w.s.DispatcherServlet [FrameworkServlet.java:532] Initializing Servlet 'dispatcherServlet'
2023-02-19 15:35:09,533 INFO [http-nio-8888-exec-1] o.s.w.s.DispatcherServlet [FrameworkServlet.java:554] Completed initialization in 1 ms
2023-02-19 15:35:09,573 INFO [http-nio-8888-exec-1] c.z.h.HikariDataSource [HikariDataSource.java:110] HikariPool-1 - Starting...
2023-02-19 15:35:09,763 INFO [http-nio-8888-exec-1] c.z.h.p.HikariPool [HikariPool.java:565] HikariPool-1 - Added connection com.mysql.cj.jdbc.ConnectionImpl@680c1c5e
2023-02-19 15:35:09,764 INFO [http-nio-8888-exec-1] c.z.h.HikariDataSource [HikariDataSource.java:123] HikariPool-1 - Start completed.
2023-02-19 15:37:13,610 INFO [SpringApplicationShutdownHook] c.z.h.HikariDataSource [HikariDataSource.java:350] HikariPool-1 - Shutdown initiated...
2023-02-19 15:37:13,614 INFO [SpringApplicationShutdownHook] c.z.h.HikariDataSource [HikariDataSource.java:352] HikariPool-1 - Shutdown completed.
2023-02-19 20:14:32,331 INFO [restartedMain] c.c.c.CommunityApplication [StartupInfoLogger.java:51] Starting CommunityApplication using Java 17.0.6 with PID 18228 (F:\JavaProject\CampusCommunity\community\target\classes started by Administrator in F:\JavaProject\CampusCommunity\community)
2023-02-19 20:14:32,333 INFO [restartedMain] c.c.c.CommunityApplication [SpringApplication.java:630] No active profile set, falling back to 1 default profile: "default"
2023-02-19 20:14:32,370 INFO [restartedMain] o.s.b.d.e.DevToolsPropertyDefaultsPostProcessor [DeferredLog.java:250] Devtools property defaults active! Set 'spring.devtools.add-properties' to 'false' to disable
2023-02-19 20:14:32,371 INFO [restartedMain] o.s.b.d.e.DevToolsPropertyDefaultsPostProcessor [DeferredLog.java:250] For additional web related logging consider setting the 'logging.level.web' property to 'DEBUG'
2023-02-19 20:14:33,287 INFO [restartedMain] o.s.b.w.e.t.TomcatWebServer [TomcatWebServer.java:108] Tomcat initialized with port(s): 8888 (http)
2023-02-19 20:14:33,294 INFO [restartedMain] o.a.c.h.Http11NioProtocol [DirectJDKLog.java:173] Initializing ProtocolHandler ["http-nio-8888"]
2023-02-19 20:14:33,295 INFO [restartedMain] o.a.c.c.StandardService [DirectJDKLog.java:173] Starting service [Tomcat]
2023-02-19 20:14:33,295 INFO [restartedMain] o.a.c.c.StandardEngine [DirectJDKLog.java:173] Starting Servlet engine: [Apache Tomcat/10.1.5]
2023-02-19 20:14:33,338 INFO [restartedMain] o.a.c.c.C.[.[.[/community] [DirectJDKLog.java:173] Initializing Spring embedded WebApplicationContext
2023-02-19 20:14:33,339 INFO [restartedMain] o.s.b.w.s.c.ServletWebServerApplicationContext [ServletWebServerApplicationContext.java:291] Root WebApplicationContext: initialization completed in 967 ms
2023-02-19 20:14:33,691 INFO [restartedMain] o.s.b.a.w.s.WelcomePageHandlerMapping [WelcomePageHandlerMapping.java:56] Adding welcome page template: index
2023-02-19 20:14:33,787 INFO [restartedMain] o.s.b.d.a.OptionalLiveReloadServer [OptionalLiveReloadServer.java:59] LiveReload server is running on port 35729
2023-02-19 20:14:33,796 INFO [restartedMain] o.a.c.h.Http11NioProtocol [DirectJDKLog.java:173] Starting ProtocolHandler ["http-nio-8888"]
2023-02-19 20:14:33,810 INFO [restartedMain] o.s.b.w.e.t.TomcatWebServer [TomcatWebServer.java:220] Tomcat started on port(s): 8888 (http) with context path '/community'
2023-02-19 20:14:33,816 INFO [restartedMain] c.c.c.CommunityApplication [StartupInfoLogger.java:57] Started CommunityApplication in 1.869 seconds (process running for 3.276)
2023-02-19 20:14:36,764 INFO [http-nio-8888-exec-1] o.a.c.c.C.[.[.[/community] [DirectJDKLog.java:173] Initializing Spring DispatcherServlet 'dispatcherServlet'
2023-02-19 20:14:36,764 INFO [http-nio-8888-exec-1] o.s.w.s.DispatcherServlet [FrameworkServlet.java:532] Initializing Servlet 'dispatcherServlet'
2023-02-19 20:14:36,765 INFO [http-nio-8888-exec-1] o.s.w.s.DispatcherServlet [FrameworkServlet.java:554] Completed initialization in 0 ms
2023-02-19 20:14:36,790 INFO [http-nio-8888-exec-1] c.z.h.HikariDataSource [HikariDataSource.java:110] HikariPool-1 - Starting...
2023-02-19 20:14:37,033 INFO [http-nio-8888-exec-1] c.z.h.p.HikariPool [HikariPool.java:565] HikariPool-1 - Added connection com.mysql.cj.jdbc.ConnectionImpl@6a1785d0
2023-02-19 20:14:37,034 INFO [http-nio-8888-exec-1] c.z.h.HikariDataSource [HikariDataSource.java:123] HikariPool-1 - Start completed.
2023-02-19 20:15:57,649 INFO [SpringApplicationShutdownHook] c.z.h.HikariDataSource [HikariDataSource.java:350] HikariPool-1 - Shutdown initiated...
2023-02-19 20:15:57,652 INFO [SpringApplicationShutdownHook] c.z.h.HikariDataSource [HikariDataSource.java:352] HikariPool-1 - Shutdown completed.
2023-02-19 20:17:12,037 INFO [restartedMain] c.c.c.CommunityApplication [StartupInfoLogger.java:51] Starting CommunityApplication using Java 17.0.6 with PID 19768 (F:\JavaProject\CampusCommunity\community\target\classes started by Administrator in F:\JavaProject\CampusCommunity\community)
2023-02-19 20:17:12,038 INFO [restartedMain] c.c.c.CommunityApplication [SpringApplication.java:630] No active profile set, falling back to 1 default profile: "default"
2023-02-19 20:17:12,061 INFO [restartedMain] o.s.b.d.e.DevToolsPropertyDefaultsPostProcessor [DeferredLog.java:250] Devtools property defaults active! Set 'spring.devtools.add-properties' to 'false' to disable
2023-02-19 20:17:12,061 INFO [restartedMain] o.s.b.d.e.DevToolsPropertyDefaultsPostProcessor [DeferredLog.java:250] For additional web related logging consider setting the 'logging.level.web' property to 'DEBUG'
2023-02-19 20:17:12,648 INFO [restartedMain] o.s.b.w.e.t.TomcatWebServer [TomcatWebServer.java:108] Tomcat initialized with port(s): 8888 (http)
2023-02-19 20:17:12,655 INFO [restartedMain] o.a.c.h.Http11NioProtocol [DirectJDKLog.java:173] Initializing ProtocolHandler ["http-nio-8888"]
2023-02-19 20:17:12,655 INFO [restartedMain] o.a.c.c.StandardService [DirectJDKLog.java:173] Starting service [Tomcat]
2023-02-19 20:17:12,655 INFO [restartedMain] o.a.c.c.StandardEngine [DirectJDKLog.java:173] Starting Servlet engine: [Apache Tomcat/10.1.5]
2023-02-19 20:17:12,698 INFO [restartedMain] o.a.c.c.C.[.[.[/community] [DirectJDKLog.java:173] Initializing Spring embedded WebApplicationContext
2023-02-19 20:17:12,699 INFO [restartedMain] o.s.b.w.s.c.ServletWebServerApplicationContext [ServletWebServerApplicationContext.java:291] Root WebApplicationContext: initialization completed in 636 ms
2023-02-19 20:17:13,009 INFO [restartedMain] o.s.b.a.w.s.WelcomePageHandlerMapping [WelcomePageHandlerMapping.java:56] Adding welcome page template: index
2023-02-19 20:17:13,100 INFO [restartedMain] o.s.b.d.a.OptionalLiveReloadServer [OptionalLiveReloadServer.java:59] LiveReload server is running on port 35729
2023-02-19 20:17:13,109 INFO [restartedMain] o.a.c.h.Http11NioProtocol [DirectJDKLog.java:173] Starting ProtocolHandler ["http-nio-8888"]
2023-02-19 20:17:13,122 INFO [restartedMain] o.s.b.w.e.t.TomcatWebServer [TomcatWebServer.java:220] Tomcat started on port(s): 8888 (http) with context path '/community'
2023-02-19 20:17:13,128 INFO [restartedMain] c.c.c.CommunityApplication [StartupInfoLogger.java:57] Started CommunityApplication in 1.401 seconds (process running for 1.792)
2023-02-19 20:17:15,593 INFO [http-nio-8888-exec-1] o.a.c.c.C.[.[.[/community] [DirectJDKLog.java:173] Initializing Spring DispatcherServlet 'dispatcherServlet'
2023-02-19 20:17:15,594 INFO [http-nio-8888-exec-1] o.s.w.s.DispatcherServlet [FrameworkServlet.java:532] Initializing Servlet 'dispatcherServlet'
2023-02-19 20:17:15,594 INFO [http-nio-8888-exec-1] o.s.w.s.DispatcherServlet [FrameworkServlet.java:554] Completed initialization in 0 ms
2023-02-19 20:17:15,617 INFO [http-nio-8888-exec-1] c.z.h.HikariDataSource [HikariDataSource.java:110] HikariPool-1 - Starting...
2023-02-19 20:17:15,788 INFO [http-nio-8888-exec-1] c.z.h.p.HikariPool [HikariPool.java:565] HikariPool-1 - Added connection com.mysql.cj.jdbc.ConnectionImpl@36a30b77
2023-02-19 20:17:15,789 INFO [http-nio-8888-exec-1] c.z.h.HikariDataSource [HikariDataSource.java:123] HikariPool-1 - Start completed.
2023-02-19 20:20:46,973 INFO [SpringApplicationShutdownHook] c.z.h.HikariDataSource [HikariDataSource.java:350] HikariPool-1 - Shutdown initiated...
2023-02-19 20:20:46,976 INFO [SpringApplicationShutdownHook] c.z.h.HikariDataSource [HikariDataSource.java:352] HikariPool-1 - Shutdown completed.
